<?xml version="1.0" encoding="UTF-8"?>
<!-- Generated by org.testng.reporters.JUnitReportReporter -->
<testsuite hostname="DESKTOP-NTK6VFS" name="testClassPackage.TestClass" tests="7" failures="0" timestamp="22 Nov 2018 13:07:15 GMT" time="58.958" errors="0">
  <testcase name="testStep6" time="46.761" classname="testClassPackage.TestClass"/>
  <testcase name="testStep7" time="0.193" classname="testClassPackage.TestClass"/>
  <testcase name="testStep2" time="3.134" classname="testClassPackage.TestClass"/>
  <testcase name="testStep1" time="5.058" classname="testClassPackage.TestClass"/>
  <testcase name="testStep4" time="3.345" classname="testClassPackage.TestClass"/>
  <testcase name="testStep3" time="0.254" classname="testClassPackage.TestClass"/>
  <testcase name="testStep5" time="0.213" classname="testClassPackage.TestClass"/>
</testsuite> <!-- testClassPackage.TestClass -->
