<?xml version="1.0" encoding="UTF-8"?>
<!-- Generated by org.testng.reporters.JUnitReportReporter -->
<testsuite hostname="DESKTOP-NTK6VFS" name="testClassPackage.TestClass" tests="7" failures="0" timestamp="22 Nov 2018 13:15:20 GMT" time="103.226" errors="0">
  <testcase name="testStep4" time="4.370" classname="testClassPackage.TestClass"/>
  <testcase name="testStep2" time="3.282" classname="testClassPackage.TestClass"/>
  <testcase name="testStep6" time="90.879" classname="testClassPackage.TestClass"/>
  <testcase name="testStep3" time="0.149" classname="testClassPackage.TestClass"/>
  <testcase name="testStep1" time="4.260" classname="testClassPackage.TestClass"/>
  <testcase name="testStep5" time="0.123" classname="testClassPackage.TestClass"/>
  <testcase name="testStep7" time="0.163" classname="testClassPackage.TestClass"/>
</testsuite> <!-- testClassPackage.TestClass -->
